{"/Users/korea/Documents/code/util-test/base/test/match.js": {"path":"/Users/korea/Documents/code/util-test/base/test/match.js","statementMap":{"0":{"start":{"line":1,"column":10},"end":{"line":1,"column":25}},"1":{"start":{"line":1,"column":20},"end":{"line":1,"column":25}},"2":{"start":{"line":2,"column":13},"end":{"line":2,"column":28}},"3":{"start":{"line":2,"column":23},"end":{"line":2,"column":28}},"4":{"start":{"line":4,"column":0},"end":{"line":10,"column":1}},"5":{"start":{"line":5,"column":4},"end":{"line":7,"column":6}}},"fnMap":{"0":{"name":"(anonymous_0)","decl":{"start":{"line":1,"column":10},"end":{"line":1,"column":11}},"loc":{"start":{"line":1,"column":20},"end":{"line":1,"column":25}},"line":1},"1":{"name":"(anonymous_1)","decl":{"start":{"line":2,"column":13},"end":{"line":2,"column":14}},"loc":{"start":{"line":2,"column":23},"end":{"line":2,"column":28}},"line":2}},"branchMap":{},"s":{"0":1,"1":1,"2":1,"3":1,"4":1,"5":1},"f":{"0":1,"1":1},"b":{},"_coverageSchema":"43e27e138ebf9cfc5966b082cf9a028302ed4184","hash":"2338cf7ce9c7c1efe23d61660e7110bf56f48868"}
}
